<?xml version="1.0" encoding="UTF-8"?>
<!-- Generated by org.testng.reporters.JUnitXMLReporter -->
<testsuite hostname="qi01" ignored="0" name="FXCM2" tests="5" failures="0" timestamp="04 Oct 2018 13:08:13 GMT" time="0.03" errors="0">
  <testcase name="fXCM2" time="0.0" classname="com.qa.test.FXCM2">
    <skipped/>
  </testcase> <!-- fXCM2 -->
  <testcase name="fXCM2" time="0.0" classname="com.qa.test.FXCM2">
    <skipped/>
  </testcase> <!-- fXCM2 -->
  <testcase name="fXCM2" time="0.0" classname="com.qa.test.FXCM2">
    <skipped/>
  </testcase> <!-- fXCM2 -->
  <testcase name="fXCM2" time="0.0" classname="com.qa.test.FXCM2">
    <skipped/>
  </testcase> <!-- fXCM2 -->
  <testcase name="fXCM2" time="0.0" classname="com.qa.test.FXCM2">
    <skipped/>
  </testcase> <!-- fXCM2 -->
</testsuite> <!-- FXCM2 -->
