<?xml version="1.0" encoding="UTF-8"?>
<!-- Generated by org.testng.reporters.JUnitXMLReporter -->
<testsuite hostname="qi01" ignored="0" name="QuickRunTest" tests="48" failures="0" timestamp="04 Oct 2018 13:08:13 GMT" time="0.091" errors="0">
  <testcase name="quickRunTest" time="0.0" classname="com.qa.test.QuickRunTest">
    <skipped/>
  </testcase> <!-- quickRunTest -->
  <testcase name="quickRunTest" time="0.0" classname="com.qa.test.QuickRunTest">
    <skipped/>
  </testcase> <!-- quickRunTest -->
  <testcase name="quickRunTest" time="0.0" classname="com.qa.test.QuickRunTest">
    <skipped/>
  </testcase> <!-- quickRunTest -->
  <testcase name="quickRunTest" time="0.0" classname="com.qa.test.QuickRunTest">
    <skipped/>
  </testcase> <!-- quickRunTest -->
  <testcase name="quickRunTest" time="0.0" classname="com.qa.test.QuickRunTest">
    <skipped/>
  </testcase> <!-- quickRunTest -->
  <testcase name="quickRunTest" time="0.0" classname="com.qa.test.QuickRunTest">
    <skipped/>
  </testcase> <!-- quickRunTest -->
  <testcase name="quickRunTest" time="0.0" classname="com.qa.test.QuickRunTest">
    <skipped/>
  </testcase> <!-- quickRunTest -->
  <testcase name="quickRunTest" time="0.0" classname="com.qa.test.QuickRunTest">
    <skipped/>
  </testcase> <!-- quickRunTest -->
  <testcase name="quickRunTest" time="0.0" classname="com.qa.test.QuickRunTest">
    <skipped/>
  </testcase> <!-- quickRunTest -->
  <testcase name="quickRunTest" time="0.0" classname="com.qa.test.QuickRunTest">
    <skipped/>
  </testcase> <!-- quickRunTest -->
  <testcase name="quickRunTest" time="0.0" classname="com.qa.test.QuickRunTest">
    <skipped/>
  </testcase> <!-- quickRunTest -->
  <testcase name="quickRunTest" time="0.0" classname="com.qa.test.QuickRunTest">
    <skipped/>
  </testcase> <!-- quickRunTest -->
  <testcase name="quickRunTest" time="0.001" classname="com.qa.test.QuickRunTest">
    <skipped/>
  </testcase> <!-- quickRunTest -->
  <testcase name="quickRunTest" time="0.0" classname="com.qa.test.QuickRunTest">
    <skipped/>
  </testcase> <!-- quickRunTest -->
  <testcase name="quickRunTest" time="0.0" classname="com.qa.test.QuickRunTest">
    <skipped/>
  </testcase> <!-- quickRunTest -->
  <testcase name="quickRunTest" time="0.001" classname="com.qa.test.QuickRunTest">
    <skipped/>
  </testcase> <!-- quickRunTest -->
  <testcase name="quickRunTest" time="0.001" classname="com.qa.test.QuickRunTest">
    <skipped/>
  </testcase> <!-- quickRunTest -->
  <testcase name="quickRunTest" time="0.0" classname="com.qa.test.QuickRunTest">
    <skipped/>
  </testcase> <!-- quickRunTest -->
  <testcase name="quickRunTest" time="0.0" classname="com.qa.test.QuickRunTest">
    <skipped/>
  </testcase> <!-- quickRunTest -->
  <testcase name="quickRunTest" time="0.0" classname="com.qa.test.QuickRunTest">
    <skipped/>
  </testcase> <!-- quickRunTest -->
  <testcase name="quickRunTest" time="0.0" classname="com.qa.test.QuickRunTest">
    <skipped/>
  </testcase> <!-- quickRunTest -->
  <testcase name="quickRunTest" time="0.0" classname="com.qa.test.QuickRunTest">
    <skipped/>
  </testcase> <!-- quickRunTest -->
  <testcase name="quickRunTest" time="0.0" classname="com.qa.test.QuickRunTest">
    <skipped/>
  </testcase> <!-- quickRunTest -->
  <testcase name="quickRunTest" time="0.0" classname="com.qa.test.QuickRunTest">
    <skipped/>
  </testcase> <!-- quickRunTest -->
  <testcase name="quickRunTest" time="0.0" classname="com.qa.test.QuickRunTest">
    <skipped/>
  </testcase> <!-- quickRunTest -->
  <testcase name="quickRunTest" time="0.0" classname="com.qa.test.QuickRunTest">
    <skipped/>
  </testcase> <!-- quickRunTest -->
  <testcase name="quickRunTest" time="0.0" classname="com.qa.test.QuickRunTest">
    <skipped/>
  </testcase> <!-- quickRunTest -->
  <testcase name="quickRunTest" time="0.001" classname="com.qa.test.QuickRunTest">
    <skipped/>
  </testcase> <!-- quickRunTest -->
  <testcase name="quickRunTest" time="0.0" classname="com.qa.test.QuickRunTest">
    <skipped/>
  </testcase> <!-- quickRunTest -->
  <testcase name="quickRunTest" time="0.0" classname="com.qa.test.QuickRunTest">
    <skipped/>
  </testcase> <!-- quickRunTest -->
  <testcase name="quickRunTest" time="0.0" classname="com.qa.test.QuickRunTest">
    <skipped/>
  </testcase> <!-- quickRunTest -->
  <testcase name="quickRunTest" time="0.0" classname="com.qa.test.QuickRunTest">
    <skipped/>
  </testcase> <!-- quickRunTest -->
  <testcase name="quickRunTest" time="0.0" classname="com.qa.test.QuickRunTest">
    <skipped/>
  </testcase> <!-- quickRunTest -->
  <testcase name="quickRunTest" time="0.0" classname="com.qa.test.QuickRunTest">
    <skipped/>
  </testcase> <!-- quickRunTest -->
  <testcase name="quickRunTest" time="0.001" classname="com.qa.test.QuickRunTest">
    <skipped/>
  </testcase> <!-- quickRunTest -->
  <testcase name="quickRunTest" time="0.0" classname="com.qa.test.QuickRunTest">
    <skipped/>
  </testcase> <!-- quickRunTest -->
  <testcase name="quickRunTest" time="0.0" classname="com.qa.test.QuickRunTest">
    <skipped/>
  </testcase> <!-- quickRunTest -->
  <testcase name="quickRunTest" time="0.0" classname="com.qa.test.QuickRunTest">
    <skipped/>
  </testcase> <!-- quickRunTest -->
  <testcase name="quickRunTest" time="0.0" classname="com.qa.test.QuickRunTest">
    <skipped/>
  </testcase> <!-- quickRunTest -->
  <testcase name="quickRunTest" time="0.0" classname="com.qa.test.QuickRunTest">
    <skipped/>
  </testcase> <!-- quickRunTest -->
  <testcase name="quickRunTest" time="0.0" classname="com.qa.test.QuickRunTest">
    <skipped/>
  </testcase> <!-- quickRunTest -->
  <testcase name="quickRunTest" time="0.0" classname="com.qa.test.QuickRunTest">
    <skipped/>
  </testcase> <!-- quickRunTest -->
  <testcase name="quickRunTest" time="0.001" classname="com.qa.test.QuickRunTest">
    <skipped/>
  </testcase> <!-- quickRunTest -->
  <testcase name="quickRunTest" time="0.0" classname="com.qa.test.QuickRunTest">
    <skipped/>
  </testcase> <!-- quickRunTest -->
  <testcase name="quickRunTest" time="0.0" classname="com.qa.test.QuickRunTest">
    <skipped/>
  </testcase> <!-- quickRunTest -->
  <testcase name="quickRunTest" time="0.0" classname="com.qa.test.QuickRunTest">
    <skipped/>
  </testcase> <!-- quickRunTest -->
  <testcase name="quickRunTest" time="0.0" classname="com.qa.test.QuickRunTest">
    <skipped/>
  </testcase> <!-- quickRunTest -->
  <testcase name="quickRunTest" time="0.0" classname="com.qa.test.QuickRunTest">
    <skipped/>
  </testcase> <!-- quickRunTest -->
</testsuite> <!-- QuickRunTest -->
