<?xml version="1.0" encoding="UTF-8"?>
<testng-results skipped="0" failed="1" ignored="0" total="7" passed="6">
  <reporter-output>
  </reporter-output>
  <suite name="BluesfitTest Basic" duration-ms="276009" started-at="2018-10-08T11:37:56Z" finished-at="2018-10-08T11:42:32Z">
    <groups>
    </groups>
    <test name="BlueShiftHomePage" duration-ms="6033" started-at="2018-10-08T11:37:56Z" finished-at="2018-10-08T11:38:02Z">
      <class name="com.qa.testcases.BlueShiftHomePage">
        <test-method status="PASS" signature="blueSfiftHomePage()[pri:0, instance:com.qa.testcases.BlueShiftHomePage@6c284af]" name="blueSfiftHomePage" duration-ms="4785" started-at="2018-10-08T17:07:56Z" finished-at="2018-10-08T17:08:01Z">
          <reporter-output>
          </reporter-output>
        </test-method> <!-- blueSfiftHomePage -->
        <test-method status="PASS" signature="endReport()[pri:0, instance:com.qa.testcases.BlueShiftHomePage@6c284af]" name="endReport" is-config="true" duration-ms="183" started-at="2018-10-08T17:08:02Z" finished-at="2018-10-08T17:08:02Z">
          <reporter-output>
          </reporter-output>
        </test-method> <!-- endReport -->
      </class> <!-- com.qa.testcases.BlueShiftHomePage -->
    </test> <!-- BlueShiftHomePage -->
    <test name="StrategyHomePage" duration-ms="339" started-at="2018-10-08T11:38:02Z" finished-at="2018-10-08T11:38:03Z">
      <class name="com.qa.testcases.StrategyHomePage">
        <test-method status="PASS" signature="strategyHomePage()[pri:0, instance:com.qa.testcases.StrategyHomePage@35841320]" name="strategyHomePage" duration-ms="128" started-at="2018-10-08T17:08:02Z" finished-at="2018-10-08T17:08:02Z">
          <reporter-output>
          </reporter-output>
        </test-method> <!-- strategyHomePage -->
        <test-method status="PASS" signature="tearDown()[pri:0, instance:com.qa.testcases.StrategyHomePage@35841320]" name="tearDown" is-config="true" duration-ms="27" started-at="2018-10-08T17:08:03Z" finished-at="2018-10-08T17:08:03Z">
          <reporter-output>
          </reporter-output>
        </test-method> <!-- tearDown -->
      </class> <!-- com.qa.testcases.StrategyHomePage -->
    </test> <!-- StrategyHomePage -->
    <test name="Helplnks" duration-ms="27297" started-at="2018-10-08T11:38:03Z" finished-at="2018-10-08T11:38:30Z">
      <class name="com.qa.testcases.Helplnks">
        <test-method status="PASS" signature="helpLinks()[pri:0, instance:com.qa.testcases.Helplnks@7fd50002]" name="helpLinks" duration-ms="27090" started-at="2018-10-08T17:08:03Z" finished-at="2018-10-08T17:08:30Z">
          <reporter-output>
          </reporter-output>
        </test-method> <!-- helpLinks -->
        <test-method status="PASS" signature="endReport()[pri:0, instance:com.qa.testcases.Helplnks@7fd50002]" name="endReport" is-config="true" duration-ms="26" started-at="2018-10-08T17:08:30Z" finished-at="2018-10-08T17:08:30Z">
          <reporter-output>
          </reporter-output>
        </test-method> <!-- endReport -->
      </class> <!-- com.qa.testcases.Helplnks -->
    </test> <!-- Helplnks -->
    <test name="Tour" duration-ms="32680" started-at="2018-10-08T11:38:30Z" finished-at="2018-10-08T11:39:03Z">
      <class name="com.qa.testcases.Tour">
        <test-method status="PASS" signature="tour()[pri:0, instance:com.qa.testcases.Tour@4c163e3]" name="tour" duration-ms="32274" started-at="2018-10-08T17:08:30Z" finished-at="2018-10-08T17:09:02Z">
          <reporter-output>
          </reporter-output>
        </test-method> <!-- tour -->
        <test-method status="PASS" signature="endReport()[pri:0, instance:com.qa.testcases.Tour@4c163e3]" name="endReport" is-config="true" duration-ms="28" started-at="2018-10-08T17:09:03Z" finished-at="2018-10-08T17:09:03Z">
          <reporter-output>
          </reporter-output>
        </test-method> <!-- endReport -->
      </class> <!-- com.qa.testcases.Tour -->
    </test> <!-- Tour -->
    <test name="Strategy5" duration-ms="203099" started-at="2018-10-08T11:39:03Z" finished-at="2018-10-08T11:42:26Z">
      <class name="com.qa.testcases.Strategy5">
        <test-method status="FAIL" signature="blueShit(java.util.Hashtable)[pri:0, instance:com.qa.testcases.Strategy5@4bdeaabb]" name="blueShit" duration-ms="202887" started-at="2018-10-08T17:09:03Z" data-provider="ReadFromExcel" finished-at="2018-10-08T17:12:26Z">
          <params>
            <param index="0">
              <value>
                <![CDATA[{BETA=0.25, SharpeRatio=0.51, StrategyTemplate=Buy and Hold (NSE), EndingCapital2=100,000, EndingCapital1=108,373, EndMonth=January, QendMonth=December, Capital2=100000, QstrategyOption=NSE Minute, Capital1=100000, QstartYear=2017, StartMonth=February, QstartMonth=July, AnnualReturns=3.6 %, EndDay2=31, EndDay1=12, Description=Full Back Test for Buy & Hold (NSE) Strategy, StrategyOption=NSE Minute, SharpeRatio2=11.27 %, SharpeRatio1=2.11, StabilityofTimeseries=17.65 %, StabilityofTimeseries2=2.43, StabilityofTimeseries1=38.75 %, EndYear2=2018, StartDay2=1, EndYear1=2018, StartDay1=1, AnnualVolatility=7.47 %, StartDay=1, QendDay=31, EndingCapital=10,355, Capital=10000, StartMonth2=July, QstartDay=31, StartMonth1=November, SHARPE=-1.17, AnnualVolatility2=30.7 %, AnnualVolatility1=16.02 %, AnnualReturns2=116,902, StartYear2=2017, AnnualReturns1=38.66 %, StartYear1=2017, EndYear=2018, StartingCapital1=100,000, StartingCapital=10,000, EndDay=31, StartYear=2017, DRAWDOWN=-4.11%, Qcapital=10000, EndMonth2=January, EndMonth1=January, RETURNS=-3.20%, StrategyName=Full Back Test for Buy & Hold (NSE) Strategy, QendYear=2017, ALPHA=-0.11}]]>
              </value>
            </param>
          </params>
          <exception class="org.openqa.selenium.NoSuchElementException">
            <message>
              <![CDATA[no such element: Unable to locate element: {"method":"xpath","selector":".//*[@id='app']/div[1]/div/div/div/div/div/section[2]/div[2]/div/div/div/div[1]/table/tbody/tr[0]/td[9]/div/a"}  (Session info: chrome=70.0.3538.45)  (Driver info: chromedriver=2.37.544315 (730aa6a5fdba159ac9f4c1e8cbc59bf1b5ce12b7),platform=Linux 4.15.0-36-generic x86_64) (WARNING: The server did not provide any stacktrace information)Command duration or timeout: 20.08 secondsFor documentation on this error, please visit: http://seleniumhq.org/exceptions/no_such_element.htmlBuild info: version: '2.53.1', revision: 'a36b8b1cd5757287168e54b817830adce9b0158d', time: '2016-06-30 19:26:09'System info: host: 'qi01', ip: '127.0.1.1', os.name: 'Linux', os.arch: 'amd64', os.version: '4.15.0-36-generic', java.version: '1.8.0_171'Driver info: org.openqa.selenium.chrome.ChromeDriverCapabilities [{applicationCacheEnabled=false, rotatable=false, mobileEmulationEnabled=false, networkConnectionEnabled=false, chrome={chromedriverVersion=2.37.544315 (730aa6a5fdba159ac9f4c1e8cbc59bf1b5ce12b7), userDataDir=/tmp/.org.chromium.Chromium.nBC3C4}, takesHeapSnapshot=true, pageLoadStrategy=normal, databaseEnabled=false, handlesAlerts=true, hasTouchScreen=false, version=70.0.3538.45, platform=LINUX, browserConnectionEnabled=false, nativeEvents=true, acceptSslCerts=false, acceptInsecureCerts=false, locationContextEnabled=true, webStorageEnabled=true, browserName=chrome, takesScreenshot=true, javascriptEnabled=true, cssSelectorsEnabled=true, setWindowRect=true, unexpectedAlertBehaviour=}]Session ID: 5d28123c776ce2ac27109b143dc495e1*** Element info: {Using=xpath, value=.//*[@id='app']/div[1]/div/div/div/div/div/section[2]/div[2]/div/div/div/div[1]/table/tbody/tr[0]/td[9]/div/a}]]>
            </message>
            <full-stacktrace>
              <![CDATA[org.openqa.selenium.NoSuchElementException: no such element: Unable to locate element: {"method":"xpath","selector":".//*[@id='app']/div[1]/div/div/div/div/div/section[2]/div[2]/div/div/div/div[1]/table/tbody/tr[0]/td[9]/div/a"}  (Session info: chrome=70.0.3538.45)  (Driver info: chromedriver=2.37.544315 (730aa6a5fdba159ac9f4c1e8cbc59bf1b5ce12b7),platform=Linux 4.15.0-36-generic x86_64) (WARNING: The server did not provide any stacktrace information)Command duration or timeout: 20.08 secondsFor documentation on this error, please visit: http://seleniumhq.org/exceptions/no_such_element.htmlBuild info: version: '2.53.1', revision: 'a36b8b1cd5757287168e54b817830adce9b0158d', time: '2016-06-30 19:26:09'System info: host: 'qi01', ip: '127.0.1.1', os.name: 'Linux', os.arch: 'amd64', os.version: '4.15.0-36-generic', java.version: '1.8.0_171'Driver info: org.openqa.selenium.chrome.ChromeDriverCapabilities [{applicationCacheEnabled=false, rotatable=false, mobileEmulationEnabled=false, networkConnectionEnabled=false, chrome={chromedriverVersion=2.37.544315 (730aa6a5fdba159ac9f4c1e8cbc59bf1b5ce12b7), userDataDir=/tmp/.org.chromium.Chromium.nBC3C4}, takesHeapSnapshot=true, pageLoadStrategy=normal, databaseEnabled=false, handlesAlerts=true, hasTouchScreen=false, version=70.0.3538.45, platform=LINUX, browserConnectionEnabled=false, nativeEvents=true, acceptSslCerts=false, acceptInsecureCerts=false, locationContextEnabled=true, webStorageEnabled=true, browserName=chrome, takesScreenshot=true, javascriptEnabled=true, cssSelectorsEnabled=true, setWindowRect=true, unexpectedAlertBehaviour=}]Session ID: 5d28123c776ce2ac27109b143dc495e1*** Element info: {Using=xpath, value=.//*[@id='app']/div[1]/div/div/div/div/div/section[2]/div[2]/div/div/div/div[1]/table/tbody/tr[0]/td[9]/div/a}at sun.reflect.NativeConstructorAccessorImpl.newInstance0(Native Method)at sun.reflect.NativeConstructorAccessorImpl.newInstance(NativeConstructorAccessorImpl.java:62)at sun.reflect.DelegatingConstructorAccessorImpl.newInstance(DelegatingConstructorAccessorImpl.java:45)at java.lang.reflect.Constructor.newInstance(Constructor.java:423)at org.openqa.selenium.remote.ErrorHandler.createThrowable(ErrorHandler.java:206)at org.openqa.selenium.remote.ErrorHandler.throwIfResponseFailed(ErrorHandler.java:158)at org.openqa.selenium.remote.RemoteWebDriver.execute(RemoteWebDriver.java:678)at org.openqa.selenium.remote.RemoteWebDriver.findElement(RemoteWebDriver.java:363)at org.openqa.selenium.remote.RemoteWebDriver.findElementByXPath(RemoteWebDriver.java:500)at org.openqa.selenium.By$ByXPath.findElement(By.java:361)at org.openqa.selenium.remote.RemoteWebDriver.findElement(RemoteWebDriver.java:355)at com.qa.custom.CustomeMethods.checkConditionForError(CustomeMethods.java:39)at com.qa.testcases.Strategy5.blueShit(Strategy5.java:458)at sun.reflect.NativeMethodAccessorImpl.invoke0(Native Method)at sun.reflect.NativeMethodAccessorImpl.invoke(NativeMethodAccessorImpl.java:62)at sun.reflect.DelegatingMethodAccessorImpl.invoke(DelegatingMethodAccessorImpl.java:43)at java.lang.reflect.Method.invoke(Method.java:498)at org.testng.internal.MethodInvocationHelper.invokeMethod(MethodInvocationHelper.java:124)at org.testng.internal.Invoker.invokeMethod(Invoker.java:571)at org.testng.internal.Invoker.invokeTestMethod(Invoker.java:707)at org.testng.internal.Invoker.invokeTestMethods(Invoker.java:979)at org.testng.internal.TestMethodWorker.invokeTestMethods(TestMethodWorker.java:125)at org.testng.internal.TestMethodWorker.run(TestMethodWorker.java:109)at org.testng.TestRunner.privateRun(TestRunner.java:648)at org.testng.TestRunner.run(TestRunner.java:505)at org.testng.SuiteRunner.runTest(SuiteRunner.java:455)at org.testng.SuiteRunner.runSequentially(SuiteRunner.java:450)at org.testng.SuiteRunner.privateRun(SuiteRunner.java:415)at org.testng.SuiteRunner.run(SuiteRunner.java:364)at org.testng.SuiteRunnerWorker.runSuite(SuiteRunnerWorker.java:52)at org.testng.SuiteRunnerWorker.run(SuiteRunnerWorker.java:84)at org.testng.TestNG.runSuitesSequentially(TestNG.java:1187)at org.testng.TestNG.runSuitesLocally(TestNG.java:1116)at org.testng.TestNG.runSuites(TestNG.java:1028)at org.testng.TestNG.run(TestNG.java:996)at org.testng.remote.AbstractRemoteTestNG.run(AbstractRemoteTestNG.java:114)at org.testng.remote.RemoteTestNG.initAndRun(RemoteTestNG.java:251)at org.testng.remote.RemoteTestNG.main(RemoteTestNG.java:77)]]>
            </full-stacktrace>
          </exception> <!-- org.openqa.selenium.NoSuchElementException -->
          <reporter-output>
          </reporter-output>
        </test-method> <!-- blueShit -->
        <test-method status="PASS" signature="endReport()[pri:0, instance:com.qa.testcases.Strategy5@4bdeaabb]" name="endReport" is-config="true" duration-ms="22" started-at="2018-10-08T17:12:26Z" finished-at="2018-10-08T17:12:26Z">
          <reporter-output>
          </reporter-output>
        </test-method> <!-- endReport -->
      </class> <!-- com.qa.testcases.Strategy5 -->
    </test> <!-- Strategy5 -->
    <test name="SignOut" duration-ms="2390" started-at="2018-10-08T11:42:26Z" finished-at="2018-10-08T11:42:28Z">
      <class name="com.qa.testcases.SignOut">
        <test-method status="PASS" signature="signOut()[pri:0, instance:com.qa.testcases.SignOut@5c80cf32]" name="signOut" duration-ms="2151" started-at="2018-10-08T17:12:26Z" finished-at="2018-10-08T17:12:28Z">
          <reporter-output>
          </reporter-output>
        </test-method> <!-- signOut -->
        <test-method status="PASS" signature="endReport()[pri:0, instance:com.qa.testcases.SignOut@5c80cf32]" name="endReport" is-config="true" duration-ms="41" started-at="2018-10-08T17:12:28Z" finished-at="2018-10-08T17:12:28Z">
          <reporter-output>
          </reporter-output>
        </test-method> <!-- endReport -->
      </class> <!-- com.qa.testcases.SignOut -->
    </test> <!-- SignOut -->
    <test name="Email" duration-ms="4146" started-at="2018-10-08T11:42:28Z" finished-at="2018-10-08T11:42:32Z">
      <class name="com.qa.testcases.SignOut">
        <test-method status="PASS" signature="setUp()[pri:0, instance:com.qa.testcases.SignOut@5c80cf32]" name="setUp" is-config="true" duration-ms="6876" started-at="2018-10-08T17:07:49Z" finished-at="2018-10-08T17:07:56Z">
          <reporter-output>
          </reporter-output>
        </test-method> <!-- setUp -->
        <test-method status="PASS" signature="closeBrowser()[pri:0, instance:com.qa.testcases.SignOut@5c80cf32]" name="closeBrowser" is-config="true" duration-ms="262" started-at="2018-10-08T17:12:32Z" finished-at="2018-10-08T17:12:33Z">
          <reporter-output>
          </reporter-output>
        </test-method> <!-- closeBrowser -->
      </class> <!-- com.qa.testcases.SignOut -->
      <class name="com.qa.testcases.Email">
        <test-method status="PASS" signature="emailAttahment()[pri:0, instance:com.qa.testcases.Email@f1da57d]" name="emailAttahment" duration-ms="3955" started-at="2018-10-08T17:12:28Z" finished-at="2018-10-08T17:12:32Z">
          <reporter-output>
          </reporter-output>
        </test-method> <!-- emailAttahment -->
      </class> <!-- com.qa.testcases.Email -->
    </test> <!-- Email -->
  </suite> <!-- BluesfitTest Basic -->
</testng-results>
